  [4;36;1mSQL (0.015000)[0m   [0;1mSET SQL_AUTO_IS_NULL=0[0m
  [4;35;1mSQL (0.016000)[0m   [0mCREATE TABLE schema_info (version int(11))[0m
  [4;36;1mSQL (0.016000)[0m   [0;1mINSERT INTO schema_info (version) VALUES(0)[0m
  [4;35;1mSQL (0.000000)[0m   [0mMysql::Error: #42S01Table 'schema_info' already exists: CREATE TABLE schema_info (version int(11))[0m
  [4;36;1mSQL (0.015000)[0m   [0;1mSELECT * FROM schema_info[0m
  [4;35;1mSQL (0.000000)[0m   [0mSHOW TABLES[0m
  [4;36;1mSQL (0.000000)[0m   [0;1mSET SQL_AUTO_IS_NULL=0[0m
  [4;35;1mSQL (0.000000)[0m   [0mMysql::Error: #42S01Table 'schema_info' already exists: CREATE TABLE schema_info (version int(11))[0m
  [4;36;1mSQL (0.000000)[0m   [0;1mMysql::Error: #42S01Table 'schema_info' already exists: CREATE TABLE schema_info (version int(11))[0m
  [4;35;1mSQL (0.000000)[0m   [0mSELECT * FROM schema_info[0m
  [4;36;1mSQL (0.000000)[0m   [0;1mSHOW TABLES[0m
  [4;36;1mSQL (0.000000)[0m   [0;1mSET SQL_AUTO_IS_NULL=0[0m
  [4;35;1mSQL (0.000000)[0m   [0mMysql::Error: #42S01Table 'schema_info' already exists: CREATE TABLE schema_info (version int(11))[0m
  [4;36;1mSQL (0.000000)[0m   [0;1mSELECT version FROM schema_info[0m
  [4;35;1mSQL (0.000000)[0m   [0mMysql::Error: #42S01Table 'schema_info' already exists: CREATE TABLE schema_info (version int(11))[0m
  [4;36;1mSQL (0.000000)[0m   [0;1mSELECT * FROM schema_info[0m
  [4;35;1mSQL (0.000000)[0m   [0mSHOW TABLES[0m
  [4;36;1mSQL (0.000000)[0m   [0;1mSET SQL_AUTO_IS_NULL=0[0m
  [4;35;1mSQL (0.000000)[0m   [0mMysql::Error: #42S01Table 'schema_info' already exists: CREATE TABLE schema_info (version int(11))[0m
  [4;36;1mSQL (0.000000)[0m   [0;1mMysql::Error: #42S01Table 'schema_info' already exists: CREATE TABLE schema_info (version int(11))[0m
  [4;36;1mSQL (0.000000)[0m   [0;1mSET SQL_AUTO_IS_NULL=0[0m
  [4;35;1mSQL (0.000000)[0m   [0mMysql::Error: #42S01Table 'schema_info' already exists: CREATE TABLE schema_info (version int(11))[0m
  [4;36;1mSQL (0.000000)[0m   [0;1mMysql::Error: #42S01Table 'schema_info' already exists: CREATE TABLE schema_info (version int(11))[0m
  [4;35;1mSQL (0.000000)[0m   [0mSELECT version FROM schema_info[0m
Migrating to InitialSchema (1)
  [4;36;1mSQL (0.000000)[0m   [0;1mcreate table events (
 id int auto_increment not null,
 short_name varchar(255) not null,
 primary key (id)
 );[0m
  [4;35;1mSQL (0.000000)[0m   [0mMysql::Error: #42000You have an error in your SQL syntax; check the manual that corresponds to your MySQL server version for the right syntax to use near 'when varchar(16) not null,
 primary key (id)
 )' at line 4: create table alarms (
 id int auto_increment not null,
 event_id int not null,
 when varchar(16) not null,
 primary key (id)
 );[0m
  [4;36;1mSQL (0.000000)[0m   [0;1mSET SQL_AUTO_IS_NULL=0[0m
  [4;35;1mSQL (0.000000)[0m   [0mMysql::Error: #42S01Table 'schema_info' already exists: CREATE TABLE schema_info (version int(11))[0m
  [4;36;1mSQL (0.000000)[0m   [0;1mMysql::Error: #42S01Table 'schema_info' already exists: CREATE TABLE schema_info (version int(11))[0m
  [4;35;1mSQL (0.000000)[0m   [0mSELECT version FROM schema_info[0m
Migrating to InitialSchema (1)
  [4;36;1mSQL (0.000000)[0m   [0;1mMysql::Error: #42000You have an error in your SQL syntax; check the manual that corresponds to your MySQL server version for the right syntax to use near 'when varchar(16) not null,
 primary key (id)
 )' at line 3: create table alarms (
 id int auto_increment not null,
 when varchar(16) not null,
 primary key (id)
 );[0m
  [4;36;1mSQL (0.000000)[0m   [0;1mSET SQL_AUTO_IS_NULL=0[0m
  [4;35;1mSQL (0.000000)[0m   [0mMysql::Error: #42S01Table 'schema_info' already exists: CREATE TABLE schema_info (version int(11))[0m
  [4;36;1mSQL (0.000000)[0m   [0;1mMysql::Error: #42S01Table 'schema_info' already exists: CREATE TABLE schema_info (version int(11))[0m
  [4;35;1mSQL (0.000000)[0m   [0mSELECT version FROM schema_info[0m
Migrating to InitialSchema (1)
  [4;36;1mSQL (0.000000)[0m   [0;1mcreate table alarms (
 id int auto_increment not null,
 primary key (id)
 );[0m
  [4;35;1mSQL (0.000000)[0m   [0mUPDATE schema_info SET version = 1[0m
  [4;36;1mSQL (0.000000)[0m   [0;1mSELECT * FROM schema_info[0m
  [4;35;1mSQL (0.000000)[0m   [0mSHOW TABLES[0m
  [4;36;1mSQL (0.000000)[0m   [0;1mSHOW FIELDS FROM alarms[0m
  [4;35;1mSQL (0.000000)[0m   [0mSHOW KEYS FROM alarms[0m
  [4;36;1mSQL (0.016000)[0m   [0;1mSHOW FIELDS FROM events[0m
  [4;35;1mSQL (0.000000)[0m   [0mSHOW KEYS FROM events[0m
  [4;36;1mSQL (0.000000)[0m   [0;1mSET SQL_AUTO_IS_NULL=0[0m
  [4;35;1mSQL (0.000000)[0m   [0mMysql::Error: #42S01Table 'schema_info' already exists: CREATE TABLE schema_info (version int(11))[0m
  [4;36;1mSQL (0.000000)[0m   [0;1mSELECT version FROM schema_info[0m
  [4;35;1mSQL (0.000000)[0m   [0mSELECT version FROM schema_info[0m
  [4;36;1mSQL (0.000000)[0m   [0;1mMysql::Error: #42S01Table 'schema_info' already exists: CREATE TABLE schema_info (version int(11))[0m
  [4;35;1mSQL (0.000000)[0m   [0mSELECT version FROM schema_info[0m
Migrating to InitialSchema (1)
  [4;36;1mSQL (0.015000)[0m   [0;1mDROP TABLE events[0m
  [4;35;1mSQL (0.000000)[0m   [0mDROP TABLE alarms[0m
  [4;36;1mSQL (0.000000)[0m   [0;1mUPDATE schema_info SET version = 0[0m
  [4;35;1mSQL (0.000000)[0m   [0mSELECT * FROM schema_info[0m
  [4;36;1mSQL (0.000000)[0m   [0;1mSHOW TABLES[0m
  [4;36;1mSQL (0.000000)[0m   [0;1mSET SQL_AUTO_IS_NULL=0[0m
  [4;35;1mSQL (0.000000)[0m   [0mMysql::Error: #42S01Table 'schema_info' already exists: CREATE TABLE schema_info (version int(11))[0m
  [4;36;1mSQL (0.000000)[0m   [0;1mSELECT version FROM schema_info[0m
  [4;35;1mSQL (0.000000)[0m   [0mMysql::Error: #42S01Table 'schema_info' already exists: CREATE TABLE schema_info (version int(11))[0m
  [4;36;1mSQL (0.000000)[0m   [0;1mSELECT version FROM schema_info[0m
Migrating to InitialSchema (1)
  [4;35;1mSQL (0.000000)[0m   [0mMysql::Error: #42000You have an error in your SQL syntax; check the manual that corresponds to your MySQL server version for the right syntax to use near 'when varchar(16) not null,
 primary key (id)
 )' at line 3: create table alarms (
 id int auto_increment not null,
 when varchar(16) not null,
 primary key (id)
 );[0m
  [4;36;1mSQL (0.000000)[0m   [0;1mSET SQL_AUTO_IS_NULL=0[0m
  [4;35;1mSQL (0.000000)[0m   [0mMysql::Error: #42S01Table 'schema_info' already exists: CREATE TABLE schema_info (version int(11))[0m
  [4;36;1mSQL (0.016000)[0m   [0;1mSELECT version FROM schema_info[0m
  [4;35;1mSQL (0.000000)[0m   [0mSELECT version FROM schema_info[0m
  [4;36;1mSQL (0.000000)[0m   [0;1mSELECT version FROM schema_info[0m
  [4;35;1mSQL (0.015000)[0m   [0mSELECT * FROM schema_info[0m
  [4;36;1mSQL (0.000000)[0m   [0;1mSHOW TABLES[0m
  [4;36;1mSQL (0.000000)[0m   [0;1mSET SQL_AUTO_IS_NULL=0[0m
  [4;35;1mSQL (0.000000)[0m   [0mMysql::Error: #42S01Table 'schema_info' already exists: CREATE TABLE schema_info (version int(11))[0m
  [4;36;1mSQL (0.000000)[0m   [0;1mSELECT version FROM schema_info[0m
  [4;35;1mSQL (0.000000)[0m   [0mMysql::Error: #42S01Table 'schema_info' already exists: CREATE TABLE schema_info (version int(11))[0m
  [4;36;1mSQL (0.000000)[0m   [0;1mSELECT version FROM schema_info[0m
Migrating to InitialSchema (1)
  [4;35;1mSQL (0.000000)[0m   [0mcreate table alarms (
 id int auto_increment not null,
 when2 varchar(16) not null,
 primary key (id)
 );[0m
  [4;36;1mSQL (0.000000)[0m   [0;1mUPDATE schema_info SET version = 1[0m
  [4;35;1mSQL (0.000000)[0m   [0mSELECT * FROM schema_info[0m
  [4;36;1mSQL (0.000000)[0m   [0;1mSHOW TABLES[0m
  [4;35;1mSQL (0.016000)[0m   [0mSHOW FIELDS FROM alarms[0m
  [4;36;1mSQL (0.000000)[0m   [0;1mSHOW KEYS FROM alarms[0m
  [4;36;1mSQL (0.000000)[0m   [0;1mSET SQL_AUTO_IS_NULL=0[0m
  [4;35;1mSQL (0.000000)[0m   [0mMysql::Error: #42S01Table 'schema_info' already exists: CREATE TABLE schema_info (version int(11))[0m
  [4;36;1mSQL (0.000000)[0m   [0;1mSELECT version FROM schema_info[0m
  [4;35;1mSQL (0.000000)[0m   [0mSELECT version FROM schema_info[0m
  [4;36;1mSQL (0.000000)[0m   [0;1mMysql::Error: #42S01Table 'schema_info' already exists: CREATE TABLE schema_info (version int(11))[0m
  [4;35;1mSQL (0.000000)[0m   [0mSELECT version FROM schema_info[0m
Migrating to InitialSchema (1)
  [4;36;1mSQL (0.000000)[0m   [0;1mDROP TABLE alarms[0m
  [4;35;1mSQL (0.000000)[0m   [0mUPDATE schema_info SET version = 0[0m
  [4;36;1mSQL (0.000000)[0m   [0;1mSELECT * FROM schema_info[0m
  [4;35;1mSQL (0.000000)[0m   [0mSHOW TABLES[0m
  [4;36;1mSQL (0.000000)[0m   [0;1mSET SQL_AUTO_IS_NULL=0[0m
  [4;35;1mSQL (0.000000)[0m   [0mMysql::Error: #42S01Table 'schema_info' already exists: CREATE TABLE schema_info (version int(11))[0m
  [4;36;1mSQL (0.000000)[0m   [0;1mSELECT version FROM schema_info[0m
  [4;35;1mSQL (0.000000)[0m   [0mMysql::Error: #42S01Table 'schema_info' already exists: CREATE TABLE schema_info (version int(11))[0m
  [4;36;1mSQL (0.000000)[0m   [0;1mSELECT version FROM schema_info[0m
Migrating to InitialSchema (1)
  [4;35;1mSQL (0.000000)[0m   [0mcreate table events (
 id int auto_increment not null,
 short_name varchar(255) not null,
 primary key (id)
 );[0m
  [4;36;1mSQL (0.000000)[0m   [0;1mcreate table alarms (
 id int auto_increment not null,
 datetime varchar(16) not null,
 primary key (id)
 );[0m
  [4;35;1mSQL (0.000000)[0m   [0mUPDATE schema_info SET version = 1[0m
  [4;36;1mSQL (0.000000)[0m   [0;1mSELECT * FROM schema_info[0m
  [4;35;1mSQL (0.000000)[0m   [0mSHOW TABLES[0m
  [4;36;1mSQL (0.000000)[0m   [0;1mSHOW FIELDS FROM alarms[0m
  [4;35;1mSQL (0.016000)[0m   [0mSHOW KEYS FROM alarms[0m
  [4;36;1mSQL (0.000000)[0m   [0;1mSHOW FIELDS FROM events[0m
  [4;35;1mSQL (0.000000)[0m   [0mSHOW KEYS FROM events[0m
  [4;36;1mSQL (0.000000)[0m   [0;1mSET SQL_AUTO_IS_NULL=0[0m
  [4;35;1mEvent Columns (0.000000)[0m   [0mSHOW FIELDS FROM events[0m
  [4;36;1mSQL (0.000000)[0m   [0;1mSET SQL_AUTO_IS_NULL=0[0m
  [4;35;1mAlarm Columns (0.000000)[0m   [0mSHOW FIELDS FROM alarms[0m


Processing EventController#index (for 127.0.0.1 at 2008-12-28 08:46:42) [GET]
  Session ID: 3683251d210ac6c45ad8b593462b0513
  Parameters: {"action"=>"index", "controller"=>"event"}


Mysql::Error (#42000Unknown database 'wasp_development'):
    c:/ruby/lib/ruby/gems/1.8/gems/activerecord-1.15.3/lib/active_record/vendor/mysql.rb:523:in `read'
    c:/ruby/lib/ruby/gems/1.8/gems/activerecord-1.15.3/lib/active_record/vendor/mysql.rb:153:in `real_connect'
    c:/ruby/lib/ruby/gems/1.8/gems/activerecord-1.15.3/lib/active_record/connection_adapters/mysql_adapter.rb:389:in `connect'
    c:/ruby/lib/ruby/gems/1.8/gems/activerecord-1.15.3/lib/active_record/connection_adapters/mysql_adapter.rb:152:in `initialize'
    c:/ruby/lib/ruby/gems/1.8/gems/activerecord-1.15.3/lib/active_record/connection_adapters/mysql_adapter.rb:82:in `new'
    c:/ruby/lib/ruby/gems/1.8/gems/activerecord-1.15.3/lib/active_record/connection_adapters/mysql_adapter.rb:82:in `mysql_connection'
    c:/ruby/lib/ruby/gems/1.8/gems/activerecord-1.15.3/lib/active_record/connection_adapters/abstract/connection_specification.rb:262:in `send'
    c:/ruby/lib/ruby/gems/1.8/gems/activerecord-1.15.3/lib/active_record/connection_adapters/abstract/connection_specification.rb:262:in `connection_without_query_cache='
    c:/ruby/lib/ruby/gems/1.8/gems/activerecord-1.15.3/lib/active_record/query_cache.rb:54:in `connection='
    c:/ruby/lib/ruby/gems/1.8/gems/activerecord-1.15.3/lib/active_record/connection_adapters/abstract/connection_specification.rb:230:in `retrieve_connection'
    c:/ruby/lib/ruby/gems/1.8/gems/activerecord-1.15.3/lib/active_record/connection_adapters/abstract/connection_specification.rb:78:in `connection'
    c:/ruby/lib/ruby/gems/1.8/gems/activerecord-1.15.3/lib/active_record/base.rb:763:in `columns'
    c:/ruby/lib/ruby/gems/1.8/gems/activerecord-1.15.3/lib/active_record/calculations.rb:257:in `column_for'
    c:/ruby/lib/ruby/gems/1.8/gems/activerecord-1.15.3/lib/active_record/calculations.rb:116:in `calculate'
    c:/ruby/lib/ruby/gems/1.8/gems/activerecord-1.15.3/lib/active_record/calculations.rb:45:in `count'
    c:/ruby/lib/ruby/gems/1.8/gems/actionpack-1.13.3/lib/action_controller/pagination.rb:173:in `count_collection_for_pagination'
    c:/ruby/lib/ruby/gems/1.8/gems/actionpack-1.13.3/lib/action_controller/pagination.rb:197:in `paginator_and_collection_for'
    c:/ruby/lib/ruby/gems/1.8/gems/actionpack-1.13.3/lib/action_controller/pagination.rb:130:in `paginate'
    /app/controllers/event_controller.rb:12:in `list'
    /app/controllers/event_controller.rb:3:in `index'
    c:/ruby/lib/ruby/gems/1.8/gems/actionpack-1.13.3/lib/action_controller/base.rb:1095:in `send'
    c:/ruby/lib/ruby/gems/1.8/gems/actionpack-1.13.3/lib/action_controller/base.rb:1095:in `perform_action_without_filters'
    c:/ruby/lib/ruby/gems/1.8/gems/actionpack-1.13.3/lib/action_controller/filters.rb:632:in `call_filter'
    c:/ruby/lib/ruby/gems/1.8/gems/actionpack-1.13.3/lib/action_controller/filters.rb:634:in `call_filter'
    c:/ruby/lib/ruby/gems/1.8/gems/actionpack-1.13.3/lib/action_controller/filters.rb:619:in `perform_action_without_benchmark'
    c:/ruby/lib/ruby/gems/1.8/gems/actionpack-1.13.3/lib/action_controller/benchmarking.rb:66:in `perform_action_without_rescue'
    c:/ruby/lib/ruby/1.8/benchmark.rb:293:in `measure'
    c:/ruby/lib/ruby/gems/1.8/gems/actionpack-1.13.3/lib/action_controller/benchmarking.rb:66:in `perform_action_without_rescue'
    c:/ruby/lib/ruby/gems/1.8/gems/actionpack-1.13.3/lib/action_controller/rescue.rb:83:in `perform_action'
    c:/ruby/lib/ruby/gems/1.8/gems/actionpack-1.13.3/lib/action_controller/base.rb:430:in `send'
    c:/ruby/lib/ruby/gems/1.8/gems/actionpack-1.13.3/lib/action_controller/base.rb:430:in `process_without_filters'
    c:/ruby/lib/ruby/gems/1.8/gems/actionpack-1.13.3/lib/action_controller/filters.rb:624:in `process_without_session_management_support'
    c:/ruby/lib/ruby/gems/1.8/gems/actionpack-1.13.3/lib/action_controller/session_management.rb:114:in `process'
    c:/ruby/lib/ruby/gems/1.8/gems/actionpack-1.13.3/lib/action_controller/base.rb:330:in `process'
    c:/ruby/lib/ruby/gems/1.8/gems/rails-1.2.3/lib/dispatcher.rb:41:in `dispatch'
    c:/ruby/lib/ruby/gems/1.8/gems/rails-1.2.3/lib/webrick_server.rb:113:in `handle_dispatch'
    c:/ruby/lib/ruby/gems/1.8/gems/rails-1.2.3/lib/webrick_server.rb:79:in `service'
    c:/ruby/lib/ruby/1.8/webrick/httpserver.rb:104:in `service'
    c:/ruby/lib/ruby/1.8/webrick/httpserver.rb:65:in `run'
    c:/ruby/lib/ruby/1.8/webrick/server.rb:173:in `start_thread'
    c:/ruby/lib/ruby/1.8/webrick/server.rb:162:in `start'
    c:/ruby/lib/ruby/1.8/webrick/server.rb:162:in `start_thread'
    c:/ruby/lib/ruby/1.8/webrick/server.rb:95:in `start'
    c:/ruby/lib/ruby/1.8/webrick/server.rb:92:in `each'
    c:/ruby/lib/ruby/1.8/webrick/server.rb:92:in `start'
    c:/ruby/lib/ruby/1.8/webrick/server.rb:23:in `start'
    c:/ruby/lib/ruby/1.8/webrick/server.rb:82:in `start'
    c:/ruby/lib/ruby/gems/1.8/gems/rails-1.2.3/lib/webrick_server.rb:63:in `dispatch'
    c:/ruby/lib/ruby/gems/1.8/gems/rails-1.2.3/lib/commands/servers/webrick.rb:59
    c:/ruby/lib/ruby/site_ruby/1.8/rubygems/custom_require.rb:27:in `gem_original_require'
    c:/ruby/lib/ruby/site_ruby/1.8/rubygems/custom_require.rb:27:in `require'
    c:/ruby/lib/ruby/gems/1.8/gems/activesupport-1.4.2/lib/active_support/dependencies.rb:495:in `require'
    c:/ruby/lib/ruby/gems/1.8/gems/activesupport-1.4.2/lib/active_support/dependencies.rb:342:in `new_constants_in'
    c:/ruby/lib/ruby/gems/1.8/gems/activesupport-1.4.2/lib/active_support/dependencies.rb:495:in `require'
    c:/ruby/lib/ruby/gems/1.8/gems/rails-1.2.3/lib/commands/server.rb:39
    c:/ruby/lib/ruby/site_ruby/1.8/rubygems/custom_require.rb:27:in `gem_original_require'
    c:/ruby/lib/ruby/site_ruby/1.8/rubygems/custom_require.rb:27:in `require'
    script/server:3


Rendering c:/ruby/lib/ruby/gems/1.8/gems/actionpack-1.13.3/lib/action_controller/templates/rescues/layout.rhtml (500 Internal Error)


Processing EventController#index (for 127.0.0.1 at 2008-12-28 08:47:04) [GET]
  Session ID: 3683251d210ac6c45ad8b593462b0513
  Parameters: {"action"=>"index", "controller"=>"event"}
  [4;36;1mSQL (0.000000)[0m   [0;1mSET SQL_AUTO_IS_NULL=0[0m
  [4;35;1mEvent Columns (0.015000)[0m   [0mSHOW FIELDS FROM events[0m
  [4;36;1mSQL (0.047000)[0m   [0;1mSELECT count(*) AS count_all FROM events [0m
  [4;35;1mEvent Load (0.000000)[0m   [0mSELECT * FROM events LIMIT 0, 10[0m
Rendering actionlistlayoutfalse within layouts/event
Rendering event/list
Completed in 0.20300 (4 reqs/sec) | Rendering: 0.01600 (7%) | DB: 0.06200 (30%) | 200 OK [http://localhost/event]


Processing EventController#new (for 127.0.0.1 at 2008-12-28 08:47:07) [GET]
  Session ID: 3683251d210ac6c45ad8b593462b0513
  Parameters: {"action"=>"new", "controller"=>"event"}
  [4;36;1mEvent Columns (0.000000)[0m   [0;1mSHOW FIELDS FROM events[0m
Rendering  within layouts/event
Rendering event/new
Rendered event/_form (0.00000)
Completed in 0.01500 (66 reqs/sec) | Rendering: 0.01500 (100%) | DB: 0.00000 (0%) | 200 OK [http://localhost/event/new]


Processing EventController#create (for 127.0.0.1 at 2008-12-28 08:47:11) [POST]
  Session ID: 3683251d210ac6c45ad8b593462b0513
  Parameters: {"commit"=>"Create", "event"=>{"short_name"=>"test event"}, "action"=>"create", "controller"=>"event"}
  [4;35;1mEvent Columns (0.015000)[0m   [0mSHOW FIELDS FROM events[0m
  [4;36;1mSQL (0.000000)[0m   [0;1mBEGIN[0m
  [4;35;1mSQL (0.000000)[0m   [0mINSERT INTO events (`short_name`) VALUES('test event')[0m
  [4;36;1mSQL (0.000000)[0m   [0;1mCOMMIT[0m
Redirected to http://localhost:3000/event/list
Completed in 0.03100 (32 reqs/sec) | DB: 0.01500 (48%) | 302 Found [http://localhost/event/create]


Processing EventController#list (for 127.0.0.1 at 2008-12-28 08:47:12) [GET]
  Session ID: 3683251d210ac6c45ad8b593462b0513
  Parameters: {"action"=>"list", "controller"=>"event"}
  [4;35;1mEvent Columns (0.000000)[0m   [0mSHOW FIELDS FROM events[0m
  [4;36;1mSQL (0.000000)[0m   [0;1mSELECT count(*) AS count_all FROM events [0m
  [4;35;1mEvent Load (0.000000)[0m   [0mSELECT * FROM events LIMIT 0, 10[0m
Rendering  within layouts/event
Rendering event/list
Completed in 0.03200 (31 reqs/sec) | Rendering: 0.01600 (50%) | DB: 0.00000 (0%) | 200 OK [http://localhost/event/list]


Processing EventController#destroy (for 127.0.0.1 at 2008-12-28 08:47:14) [POST]
  Session ID: 3683251d210ac6c45ad8b593462b0513
  Parameters: {"action"=>"destroy", "id"=>"1", "controller"=>"event"}
  [4;36;1mEvent Columns (0.000000)[0m   [0;1mSHOW FIELDS FROM events[0m
  [4;35;1mEvent Load (0.000000)[0m   [0mSELECT * FROM events WHERE (events.`id` = 1) [0m
  [4;36;1mSQL (0.000000)[0m   [0;1mBEGIN[0m
  [4;35;1mEvent Destroy (0.016000)[0m   [0m DELETE FROM events
 WHERE `id` = 1
[0m
  [4;36;1mSQL (0.000000)[0m   [0;1mCOMMIT[0m
Redirected to http://localhost:3000/event/list
Completed in 0.03100 (32 reqs/sec) | DB: 0.01600 (51%) | 302 Found [http://localhost/event/destroy/1]


Processing EventController#list (for 127.0.0.1 at 2008-12-28 08:47:14) [GET]
  Session ID: 3683251d210ac6c45ad8b593462b0513
  Parameters: {"action"=>"list", "controller"=>"event"}
  [4;35;1mEvent Columns (0.016000)[0m   [0mSHOW FIELDS FROM events[0m
  [4;36;1mSQL (0.000000)[0m   [0;1mSELECT count(*) AS count_all FROM events [0m
  [4;35;1mEvent Load (0.000000)[0m   [0mSELECT * FROM events LIMIT 0, 10[0m
Rendering  within layouts/event
Rendering event/list
Completed in 0.01600 (62 reqs/sec) | Rendering: 0.00000 (0%) | DB: 0.01600 (100%) | 200 OK [http://localhost/event/list]


Processing EventController#new (for 127.0.0.1 at 2008-12-28 08:47:15) [GET]
  Session ID: 3683251d210ac6c45ad8b593462b0513
  Parameters: {"action"=>"new", "controller"=>"event"}
  [4;36;1mEvent Columns (0.000000)[0m   [0;1mSHOW FIELDS FROM events[0m
Rendering  within layouts/event
Rendering event/new
Rendered event/_form (0.00000)
Completed in 0.01600 (62 reqs/sec) | Rendering: 0.00000 (0%) | DB: 0.00000 (0%) | 200 OK [http://localhost/event/new]


Processing EventController#create (for 127.0.0.1 at 2008-12-28 08:47:20) [POST]
  Session ID: 3683251d210ac6c45ad8b593462b0513
  Parameters: {"commit"=>"Create", "event"=>{"short_name"=>"test event"}, "action"=>"create", "controller"=>"event"}
  [4;35;1mEvent Columns (0.000000)[0m   [0mSHOW FIELDS FROM events[0m
  [4;36;1mSQL (0.000000)[0m   [0;1mBEGIN[0m
  [4;35;1mSQL (0.000000)[0m   [0mINSERT INTO events (`short_name`) VALUES('test event')[0m
  [4;36;1mSQL (0.000000)[0m   [0;1mCOMMIT[0m
Redirected to http://localhost:3000/event/list
Completed in 0.01600 (62 reqs/sec) | DB: 0.00000 (0%) | 302 Found [http://localhost/event/create]


Processing EventController#list (for 127.0.0.1 at 2008-12-28 08:47:20) [GET]
  Session ID: 3683251d210ac6c45ad8b593462b0513
  Parameters: {"action"=>"list", "controller"=>"event"}
  [4;35;1mEvent Columns (0.000000)[0m   [0mSHOW FIELDS FROM events[0m
  [4;36;1mSQL (0.000000)[0m   [0;1mSELECT count(*) AS count_all FROM events [0m
  [4;35;1mEvent Load (0.000000)[0m   [0mSELECT * FROM events LIMIT 0, 10[0m
Rendering  within layouts/event
Rendering event/list
Completed in 0.01600 (62 reqs/sec) | Rendering: 0.00000 (0%) | DB: 0.00000 (0%) | 200 OK [http://localhost/event/list]


Processing AlarmController#index (for 127.0.0.1 at 2008-12-28 08:47:29) [GET]
  Session ID: 3683251d210ac6c45ad8b593462b0513
  Parameters: {"action"=>"index", "controller"=>"alarm"}
  [4;36;1mAlarm Columns (0.016000)[0m   [0;1mSHOW FIELDS FROM alarms[0m
  [4;35;1mSQL (0.000000)[0m   [0mSELECT count(*) AS count_all FROM alarms [0m
  [4;36;1mAlarm Load (0.000000)[0m   [0;1mSELECT * FROM alarms LIMIT 0, 10[0m
Rendering actionlistlayoutfalse within layouts/alarm
Rendering alarm/list
Completed in 0.09300 (10 reqs/sec) | Rendering: 0.04600 (49%) | DB: 0.01600 (17%) | 200 OK [http://localhost/alarm]
  [4;36;1mSQL (0.000000)[0m   [0;1mSET SQL_AUTO_IS_NULL=0[0m
  [4;35;1mSQL (0.000000)[0m   [0mMysql::Error: #42S01Table 'schema_info' already exists: CREATE TABLE schema_info (version int(11))[0m
  [4;36;1mSQL (0.000000)[0m   [0;1mSELECT version FROM schema_info[0m
  [4;35;1mSQL (0.000000)[0m   [0mSELECT version FROM schema_info[0m
  [4;36;1mSQL (0.000000)[0m   [0;1mMysql::Error: #42S01Table 'schema_info' already exists: CREATE TABLE schema_info (version int(11))[0m
  [4;35;1mSQL (0.000000)[0m   [0mSELECT version FROM schema_info[0m
Migrating to InitialSchema (1)
  [4;36;1mSQL (0.000000)[0m   [0;1mDROP TABLE events[0m
  [4;35;1mSQL (0.000000)[0m   [0mDROP TABLE alarms[0m
  [4;36;1mSQL (0.000000)[0m   [0;1mUPDATE schema_info SET version = 0[0m
  [4;35;1mSQL (0.000000)[0m   [0mSELECT * FROM schema_info[0m
  [4;36;1mSQL (0.000000)[0m   [0;1mSHOW TABLES[0m
  [4;36;1mSQL (0.000000)[0m   [0;1mSET SQL_AUTO_IS_NULL=0[0m
  [4;35;1mSQL (0.000000)[0m   [0mMysql::Error: #42S01Table 'schema_info' already exists: CREATE TABLE schema_info (version int(11))[0m
  [4;36;1mSQL (0.000000)[0m   [0;1mSELECT version FROM schema_info[0m
  [4;35;1mSQL (0.000000)[0m   [0mMysql::Error: #42S01Table 'schema_info' already exists: CREATE TABLE schema_info (version int(11))[0m
  [4;36;1mSQL (0.000000)[0m   [0;1mSELECT version FROM schema_info[0m
Migrating to InitialSchema (1)
  [4;35;1mSQL (0.000000)[0m   [0mcreate table events (
 id int auto_increment not null,
 short_name varchar(255) not null,
 primary key (id)
 );[0m
  [4;36;1mSQL (0.000000)[0m   [0;1mcreate table alarms (
 id int auto_increment not null,
 event_id int not null,
 datetime varchar(16) not null,
 primary key (id)
 );[0m
  [4;35;1mSQL (0.000000)[0m   [0mUPDATE schema_info SET version = 1[0m
  [4;36;1mSQL (0.000000)[0m   [0;1mSELECT * FROM schema_info[0m
  [4;35;1mSQL (0.000000)[0m   [0mSHOW TABLES[0m
  [4;36;1mSQL (0.000000)[0m   [0;1mSHOW FIELDS FROM alarms[0m
  [4;35;1mSQL (0.016000)[0m   [0mSHOW KEYS FROM alarms[0m
  [4;36;1mSQL (0.000000)[0m   [0;1mSHOW FIELDS FROM events[0m
  [4;35;1mSQL (0.000000)[0m   [0mSHOW KEYS FROM events[0m


Processing AlarmController#index (for 127.0.0.1 at 2008-12-28 08:49:05) [GET]
  Session ID: 3683251d210ac6c45ad8b593462b0513
  Parameters: {"action"=>"index", "controller"=>"alarm"}
  [4;35;1mAlarm Columns (0.015000)[0m   [0mSHOW FIELDS FROM alarms[0m
  [4;36;1mSQL (0.000000)[0m   [0;1mSELECT count(*) AS count_all FROM alarms [0m
  [4;35;1mAlarm Load (0.000000)[0m   [0mSELECT * FROM alarms LIMIT 0, 10[0m
Rendering actionlistlayoutfalse within layouts/alarm
Rendering alarm/list
Completed in 0.01500 (66 reqs/sec) | Rendering: 0.00000 (0%) | DB: 0.01500 (100%) | 200 OK [http://localhost/alarm]


Processing AlarmController#index (for 127.0.0.1 at 2008-12-28 08:49:08) [GET]
  Session ID: 3683251d210ac6c45ad8b593462b0513
  Parameters: {"action"=>"index", "controller"=>"alarm"}
  [4;36;1mAlarm Columns (0.000000)[0m   [0;1mSHOW FIELDS FROM alarms[0m
  [4;35;1mSQL (0.000000)[0m   [0mSELECT count(*) AS count_all FROM alarms [0m
  [4;36;1mAlarm Load (0.000000)[0m   [0;1mSELECT * FROM alarms LIMIT 0, 10[0m
Rendering actionlistlayoutfalse within layouts/alarm
Rendering alarm/list
Completed in 0.03100 (32 reqs/sec) | Rendering: 0.01500 (48%) | DB: 0.00000 (0%) | 200 OK [http://localhost/alarm]


Processing AlarmController#new (for 127.0.0.1 at 2008-12-28 08:49:11) [GET]
  Session ID: 3683251d210ac6c45ad8b593462b0513
  Parameters: {"action"=>"new", "controller"=>"alarm"}
  [4;35;1mAlarm Columns (0.015000)[0m   [0mSHOW FIELDS FROM alarms[0m
Rendering  within layouts/alarm
Rendering alarm/new
Rendered alarm/_form (0.00000)
Completed in 0.03100 (32 reqs/sec) | Rendering: 0.01600 (51%) | DB: 0.01500 (48%) | 200 OK [http://localhost/alarm/new]


Processing EventController#index (for 127.0.0.1 at 2008-12-28 08:49:15) [GET]
  Session ID: 3683251d210ac6c45ad8b593462b0513
  Parameters: {"action"=>"index", "controller"=>"event"}
  [4;36;1mEvent Columns (0.000000)[0m   [0;1mSHOW FIELDS FROM events[0m
  [4;35;1mSQL (0.000000)[0m   [0mSELECT count(*) AS count_all FROM events [0m
  [4;36;1mEvent Load (0.015000)[0m   [0;1mSELECT * FROM events LIMIT 0, 10[0m
Rendering actionlistlayoutfalse within layouts/event
Rendering event/list
Completed in 0.03100 (32 reqs/sec) | Rendering: 0.00000 (0%) | DB: 0.01500 (48%) | 200 OK [http://localhost/event]


Processing EventController#new (for 127.0.0.1 at 2008-12-28 08:49:17) [GET]
  Session ID: 3683251d210ac6c45ad8b593462b0513
  Parameters: {"action"=>"new", "controller"=>"event"}
  [4;35;1mEvent Columns (0.015000)[0m   [0mSHOW FIELDS FROM events[0m
Rendering  within layouts/event
Rendering event/new
Rendered event/_form (0.00000)
Completed in 0.06300 (15 reqs/sec) | Rendering: 0.01600 (25%) | DB: 0.01500 (23%) | 200 OK [http://localhost/event/new]


Processing AlarmController#index (for 127.0.0.1 at 2008-12-28 08:49:21) [GET]
  Session ID: 3683251d210ac6c45ad8b593462b0513
  Parameters: {"action"=>"index", "controller"=>"alarm"}
  [4;36;1mAlarm Columns (0.000000)[0m   [0;1mSHOW FIELDS FROM alarms[0m
  [4;35;1mSQL (0.000000)[0m   [0mSELECT count(*) AS count_all FROM alarms [0m
  [4;36;1mAlarm Load (0.000000)[0m   [0;1mSELECT * FROM alarms LIMIT 0, 10[0m
Rendering actionlistlayoutfalse within layouts/alarm
Rendering alarm/list
Completed in 0.01600 (62 reqs/sec) | Rendering: 0.00000 (0%) | DB: 0.00000 (0%) | 200 OK [http://localhost/alarm]


Processing AlarmController#new (for 127.0.0.1 at 2008-12-28 08:49:22) [GET]
  Session ID: 3683251d210ac6c45ad8b593462b0513
  Parameters: {"action"=>"new", "controller"=>"alarm"}
  [4;35;1mAlarm Columns (0.000000)[0m   [0mSHOW FIELDS FROM alarms[0m
Rendering  within layouts/alarm
Rendering alarm/new
Rendered alarm/_form (0.00000)
Completed in 0.03100 (32 reqs/sec) | Rendering: 0.01500 (48%) | DB: 0.00000 (0%) | 200 OK [http://localhost/alarm/new]


Processing AlarmController#new (for 127.0.0.1 at 2008-12-28 08:49:26) [GET]
  Session ID: 3683251d210ac6c45ad8b593462b0513
  Parameters: {"action"=>"new", "controller"=>"alarm"}
  [4;36;1mAlarm Columns (0.016000)[0m   [0;1mSHOW FIELDS FROM alarms[0m
Rendering  within layouts/alarm
Rendering alarm/new
Rendered alarm/_form (0.00000)
Completed in 0.01600 (62 reqs/sec) | Rendering: 0.00000 (0%) | DB: 0.01600 (100%) | 200 OK [http://localhost/alarm/new]


Processing AlarmController#create (for 127.0.0.1 at 2008-12-28 08:49:28) [POST]
  Session ID: 3683251d210ac6c45ad8b593462b0513
  Parameters: {"commit"=>"Create", "action"=>"create", "controller"=>"alarm", "alarm"=>{"datetime"=>"test"}}
  [4;35;1mAlarm Columns (0.015000)[0m   [0mSHOW FIELDS FROM alarms[0m
  [4;36;1mSQL (0.000000)[0m   [0;1mBEGIN[0m
  [4;35;1mSQL (0.000000)[0m   [0mMysql::Error: #23000Column 'event_id' cannot be null: INSERT INTO alarms (`event_id`, `datetime`) VALUES(NULL, 'test')[0m
  [4;36;1mSQL (0.000000)[0m   [0;1mROLLBACK[0m


ActiveRecord::StatementInvalid (Mysql::Error: #23000Column 'event_id' cannot be null: INSERT INTO alarms (`event_id`, `datetime`) VALUES(NULL, 'test')):
    c:/ruby/lib/ruby/gems/1.8/gems/activerecord-1.15.3/lib/active_record/connection_adapters/abstract_adapter.rb:128:in `log'
    c:/ruby/lib/ruby/gems/1.8/gems/activerecord-1.15.3/lib/active_record/connection_adapters/mysql_adapter.rb:243:in `execute'
    c:/ruby/lib/ruby/gems/1.8/gems/activerecord-1.15.3/lib/active_record/connection_adapters/mysql_adapter.rb:253:in `insert'
    c:/ruby/lib/ruby/gems/1.8/gems/activerecord-1.15.3/lib/active_record/base.rb:1811:in `create_without_callbacks'
    c:/ruby/lib/ruby/gems/1.8/gems/activerecord-1.15.3/lib/active_record/callbacks.rb:254:in `create_without_timestamps'
    c:/ruby/lib/ruby/gems/1.8/gems/activerecord-1.15.3/lib/active_record/timestamp.rb:39:in `create'
    c:/ruby/lib/ruby/gems/1.8/gems/activerecord-1.15.3/lib/active_record/base.rb:1789:in `create_or_update_without_callbacks'
    c:/ruby/lib/ruby/gems/1.8/gems/activerecord-1.15.3/lib/active_record/callbacks.rb:242:in `create_or_update'
    c:/ruby/lib/ruby/gems/1.8/gems/activerecord-1.15.3/lib/active_record/base.rb:1545:in `save_without_validation'
    c:/ruby/lib/ruby/gems/1.8/gems/activerecord-1.15.3/lib/active_record/validations.rb:752:in `save_without_transactions'
    c:/ruby/lib/ruby/gems/1.8/gems/activerecord-1.15.3/lib/active_record/transactions.rb:129:in `save'
    c:/ruby/lib/ruby/gems/1.8/gems/activerecord-1.15.3/lib/active_record/connection_adapters/abstract/database_statements.rb:59:in `transaction'
    c:/ruby/lib/ruby/gems/1.8/gems/activerecord-1.15.3/lib/active_record/transactions.rb:95:in `transaction'
    c:/ruby/lib/ruby/gems/1.8/gems/activerecord-1.15.3/lib/active_record/transactions.rb:121:in `transaction'
    c:/ruby/lib/ruby/gems/1.8/gems/activerecord-1.15.3/lib/active_record/transactions.rb:129:in `save'
    /app/controllers/alarm_controller.rb:25:in `create'
    c:/ruby/lib/ruby/gems/1.8/gems/actionpack-1.13.3/lib/action_controller/base.rb:1095:in `send'
    c:/ruby/lib/ruby/gems/1.8/gems/actionpack-1.13.3/lib/action_controller/base.rb:1095:in `perform_action_without_filters'
    c:/ruby/lib/ruby/gems/1.8/gems/actionpack-1.13.3/lib/action_controller/filters.rb:632:in `call_filter'
    c:/ruby/lib/ruby/gems/1.8/gems/actionpack-1.13.3/lib/action_controller/filters.rb:638:in `call_filter'
    c:/ruby/lib/ruby/gems/1.8/gems/actionpack-1.13.3/lib/action_controller/filters.rb:438:in `call'
    c:/ruby/lib/ruby/gems/1.8/gems/actionpack-1.13.3/lib/action_controller/filters.rb:637:in `call_filter'
    c:/ruby/lib/ruby/gems/1.8/gems/actionpack-1.13.3/lib/action_controller/filters.rb:619:in `perform_action_without_benchmark'
    c:/ruby/lib/ruby/gems/1.8/gems/actionpack-1.13.3/lib/action_controller/benchmarking.rb:66:in `perform_action_without_rescue'
    c:/ruby/lib/ruby/1.8/benchmark.rb:293:in `measure'
    c:/ruby/lib/ruby/gems/1.8/gems/actionpack-1.13.3/lib/action_controller/benchmarking.rb:66:in `perform_action_without_rescue'
    c:/ruby/lib/ruby/gems/1.8/gems/actionpack-1.13.3/lib/action_controller/rescue.rb:83:in `perform_action'
    c:/ruby/lib/ruby/gems/1.8/gems/actionpack-1.13.3/lib/action_controller/base.rb:430:in `send'
    c:/ruby/lib/ruby/gems/1.8/gems/actionpack-1.13.3/lib/action_controller/base.rb:430:in `process_without_filters'
    c:/ruby/lib/ruby/gems/1.8/gems/actionpack-1.13.3/lib/action_controller/filters.rb:624:in `process_without_session_management_support'
    c:/ruby/lib/ruby/gems/1.8/gems/actionpack-1.13.3/lib/action_controller/session_management.rb:114:in `process'
    c:/ruby/lib/ruby/gems/1.8/gems/actionpack-1.13.3/lib/action_controller/base.rb:330:in `process'
    c:/ruby/lib/ruby/gems/1.8/gems/rails-1.2.3/lib/dispatcher.rb:41:in `dispatch'
    c:/ruby/lib/ruby/gems/1.8/gems/rails-1.2.3/lib/webrick_server.rb:113:in `handle_dispatch'
    c:/ruby/lib/ruby/gems/1.8/gems/rails-1.2.3/lib/webrick_server.rb:79:in `service'
    c:/ruby/lib/ruby/1.8/webrick/httpserver.rb:104:in `service'
    c:/ruby/lib/ruby/1.8/webrick/httpserver.rb:65:in `run'
    c:/ruby/lib/ruby/1.8/webrick/server.rb:173:in `start_thread'
    c:/ruby/lib/ruby/1.8/webrick/server.rb:162:in `start'
    c:/ruby/lib/ruby/1.8/webrick/server.rb:162:in `start_thread'
    c:/ruby/lib/ruby/1.8/webrick/server.rb:95:in `start'
    c:/ruby/lib/ruby/1.8/webrick/server.rb:92:in `each'
    c:/ruby/lib/ruby/1.8/webrick/server.rb:92:in `start'
    c:/ruby/lib/ruby/1.8/webrick/server.rb:23:in `start'
    c:/ruby/lib/ruby/1.8/webrick/server.rb:82:in `start'
    c:/ruby/lib/ruby/gems/1.8/gems/rails-1.2.3/lib/webrick_server.rb:63:in `dispatch'
    c:/ruby/lib/ruby/gems/1.8/gems/rails-1.2.3/lib/commands/servers/webrick.rb:59
    c:/ruby/lib/ruby/site_ruby/1.8/rubygems/custom_require.rb:27:in `gem_original_require'
    c:/ruby/lib/ruby/site_ruby/1.8/rubygems/custom_require.rb:27:in `require'
    c:/ruby/lib/ruby/gems/1.8/gems/activesupport-1.4.2/lib/active_support/dependencies.rb:495:in `require'
    c:/ruby/lib/ruby/gems/1.8/gems/activesupport-1.4.2/lib/active_support/dependencies.rb:342:in `new_constants_in'
    c:/ruby/lib/ruby/gems/1.8/gems/activesupport-1.4.2/lib/active_support/dependencies.rb:495:in `require'
    c:/ruby/lib/ruby/gems/1.8/gems/rails-1.2.3/lib/commands/server.rb:39
    c:/ruby/lib/ruby/site_ruby/1.8/rubygems/custom_require.rb:27:in `gem_original_require'
    c:/ruby/lib/ruby/site_ruby/1.8/rubygems/custom_require.rb:27:in `require'
    script/server:3


Rendering c:/ruby/lib/ruby/gems/1.8/gems/actionpack-1.13.3/lib/action_controller/templates/rescues/layout.rhtml (500 Internal Error)


Processing EventController#index (for 127.0.0.1 at 2008-12-28 08:49:56) [GET]
  Session ID: 3683251d210ac6c45ad8b593462b0513
  Parameters: {"action"=>"index", "controller"=>"event"}
  [4;35;1mEvent Columns (0.016000)[0m   [0mSHOW FIELDS FROM events[0m
  [4;36;1mSQL (0.000000)[0m   [0;1mSELECT count(*) AS count_all FROM events [0m
  [4;35;1mEvent Load (0.000000)[0m   [0mSELECT * FROM events LIMIT 0, 10[0m
Rendering actionlistlayoutfalse within layouts/event
Rendering event/list
Completed in 0.17200 (5 reqs/sec) | Rendering: 0.00000 (0%) | DB: 0.03100 (18%) | 200 OK [http://localhost/event]


Processing EventController#new (for 127.0.0.1 at 2008-12-28 08:49:58) [GET]
  Session ID: 3683251d210ac6c45ad8b593462b0513
  Parameters: {"action"=>"new", "controller"=>"event"}
  [4;36;1mEvent Columns (0.000000)[0m   [0;1mSHOW FIELDS FROM events[0m
Rendering  within layouts/event
Rendering event/new
Rendered event/_form (0.00000)
Completed in 0.03100 (32 reqs/sec) | Rendering: 0.01600 (51%) | DB: 0.00000 (0%) | 200 OK [http://localhost/event/new]


Processing EventController#create (for 127.0.0.1 at 2008-12-28 08:50:00) [POST]
  Session ID: 3683251d210ac6c45ad8b593462b0513
  Parameters: {"commit"=>"Create", "event"=>{"short_name"=>"test"}, "action"=>"create", "controller"=>"event"}
  [4;35;1mEvent Columns (0.000000)[0m   [0mSHOW FIELDS FROM events[0m
  [4;36;1mSQL (0.000000)[0m   [0;1mBEGIN[0m
  [4;35;1mSQL (0.000000)[0m   [0mINSERT INTO events (`short_name`) VALUES('test')[0m
  [4;36;1mSQL (0.000000)[0m   [0;1mCOMMIT[0m
Redirected to http://localhost:3000/event/list
Completed in 0.03100 (32 reqs/sec) | DB: 0.00000 (0%) | 302 Found [http://localhost/event/create]


Processing EventController#list (for 127.0.0.1 at 2008-12-28 08:50:00) [GET]
  Session ID: 3683251d210ac6c45ad8b593462b0513
  Parameters: {"action"=>"list", "controller"=>"event"}
  [4;35;1mEvent Columns (0.000000)[0m   [0mSHOW FIELDS FROM events[0m
  [4;36;1mSQL (0.000000)[0m   [0;1mSELECT count(*) AS count_all FROM events [0m
  [4;35;1mEvent Load (0.000000)[0m   [0mSELECT * FROM events LIMIT 0, 10[0m
Rendering  within layouts/event
Rendering event/list
Completed in 0.03100 (32 reqs/sec) | Rendering: 0.01600 (51%) | DB: 0.00000 (0%) | 200 OK [http://localhost/event/list]


Processing EventController#list (for 127.0.0.1 at 2008-12-28 08:50:51) [GET]
  Session ID: 3683251d210ac6c45ad8b593462b0513
  Parameters: {"action"=>"list", "controller"=>"event"}
  [4;36;1mEvent Columns (0.016000)[0m   [0;1mSHOW FIELDS FROM events[0m
  [4;35;1mSQL (0.000000)[0m   [0mSELECT count(*) AS count_all FROM events [0m
  [4;36;1mEvent Load (0.000000)[0m   [0;1mSELECT * FROM events LIMIT 0, 10[0m
Rendering  within layouts/event
Rendering event/list
Completed in 0.03100 (32 reqs/sec) | Rendering: 0.01500 (48%) | DB: 0.01600 (51%) | 200 OK [http://localhost/event/list]


Processing EventController#list (for 127.0.0.1 at 2008-12-28 08:51:13) [GET]
  Session ID: 3683251d210ac6c45ad8b593462b0513
  Parameters: {"action"=>"list", "controller"=>"event"}
  [4;35;1mEvent Columns (0.000000)[0m   [0mSHOW FIELDS FROM events[0m
  [4;36;1mSQL (0.000000)[0m   [0;1mSELECT count(*) AS count_all FROM events [0m
  [4;35;1mEvent Load (0.000000)[0m   [0mSELECT * FROM events LIMIT 0, 10[0m
Rendering  within layouts/event
Rendering event/list
Completed in 0.03100 (32 reqs/sec) | Rendering: 0.01600 (51%) | DB: 0.00000 (0%) | 200 OK [http://localhost/event/list]


Processing EventController#list (for 127.0.0.1 at 2008-12-28 08:51:46) [GET]
  Session ID: 3683251d210ac6c45ad8b593462b0513
  Parameters: {"action"=>"list", "controller"=>"event"}
  [4;36;1mEvent Columns (0.000000)[0m   [0;1mSHOW FIELDS FROM events[0m
  [4;35;1mSQL (0.016000)[0m   [0mSELECT count(*) AS count_all FROM events [0m
  [4;36;1mEvent Load (0.000000)[0m   [0;1mSELECT * FROM events LIMIT 0, 10[0m
Rendering  within layouts/event
Rendering event/list
Completed in 0.01600 (62 reqs/sec) | Rendering: 0.00000 (0%) | DB: 0.01600 (100%) | 200 OK [http://localhost/event/list]


Processing AlarmController#index (for 127.0.0.1 at 2008-12-28 08:51:47) [GET]
  Session ID: 3683251d210ac6c45ad8b593462b0513
  Parameters: {"event_id"=>"39212220", "action"=>"index", "controller"=>"alarm"}
  [4;35;1mAlarm Columns (0.000000)[0m   [0mSHOW FIELDS FROM alarms[0m
  [4;36;1mSQL (0.000000)[0m   [0;1mSELECT count(*) AS count_all FROM alarms [0m
  [4;35;1mAlarm Load (0.000000)[0m   [0mSELECT * FROM alarms LIMIT 0, 10[0m
Rendering actionlistlayoutfalse within layouts/alarm
Rendering alarm/list
Completed in 0.01600 (62 reqs/sec) | Rendering: 0.00000 (0%) | DB: 0.00000 (0%) | 200 OK [http://localhost/alarm?event_id=39212220]


Processing EventController#list (for 127.0.0.1 at 2008-12-28 08:52:05) [GET]
  Session ID: 3683251d210ac6c45ad8b593462b0513
  Parameters: {"action"=>"list", "controller"=>"event"}
  [4;36;1mEvent Columns (0.016000)[0m   [0;1mSHOW FIELDS FROM events[0m
  [4;35;1mSQL (0.000000)[0m   [0mSELECT count(*) AS count_all FROM events [0m
  [4;36;1mEvent Load (0.000000)[0m   [0;1mSELECT * FROM events LIMIT 0, 10[0m
Rendering  within layouts/event
Rendering event/list
Completed in 0.01600 (62 reqs/sec) | Rendering: 0.00000 (0%) | DB: 0.01600 (100%) | 200 OK [http://localhost/event/list]


Processing AlarmController#index (for 127.0.0.1 at 2008-12-28 08:52:06) [GET]
  Session ID: 3683251d210ac6c45ad8b593462b0513
  Parameters: {"event_id"=>"1", "action"=>"index", "controller"=>"alarm"}
  [4;35;1mAlarm Columns (0.000000)[0m   [0mSHOW FIELDS FROM alarms[0m
  [4;36;1mSQL (0.000000)[0m   [0;1mSELECT count(*) AS count_all FROM alarms [0m
  [4;35;1mAlarm Load (0.000000)[0m   [0mSELECT * FROM alarms LIMIT 0, 10[0m
Rendering actionlistlayoutfalse within layouts/alarm
Rendering alarm/list
Completed in 0.03100 (32 reqs/sec) | Rendering: 0.01500 (48%) | DB: 0.00000 (0%) | 200 OK [http://localhost/alarm?event_id=1]


Processing AlarmController#index (for 127.0.0.1 at 2008-12-28 08:52:42) [GET]
  Session ID: 3683251d210ac6c45ad8b593462b0513
  Parameters: {"event_id"=>"1", "action"=>"index", "controller"=>"alarm"}
  [4;36;1mAlarm Columns (0.015000)[0m   [0;1mSHOW FIELDS FROM alarms[0m
  [4;35;1mSQL (0.000000)[0m   [0mSELECT count(*) AS count_all FROM alarms [0m
  [4;36;1mAlarm Load (0.000000)[0m   [0;1mSELECT * FROM alarms LIMIT 0, 10[0m
Rendering actionlistlayoutfalse within layouts/alarm
Rendering alarm/list
Completed in 0.01500 (66 reqs/sec) | Rendering: 0.00000 (0%) | DB: 0.01500 (100%) | 200 OK [http://localhost/alarm?event_id=1]


Processing AlarmController#index (for 127.0.0.1 at 2008-12-28 08:52:48) [GET]
  Session ID: 3683251d210ac6c45ad8b593462b0513
  Parameters: {"event_id"=>"1", "action"=>"index", "controller"=>"alarm"}
  [4;35;1mAlarm Columns (0.000000)[0m   [0mSHOW FIELDS FROM alarms[0m
  [4;36;1mSQL (0.000000)[0m   [0;1mSELECT count(*) AS count_all FROM alarms [0m
  [4;35;1mAlarm Load (0.015000)[0m   [0mSELECT * FROM alarms LIMIT 0, 10[0m
Rendering actionlistlayoutfalse within layouts/alarm
Rendering alarm/list
Completed in 0.03100 (32 reqs/sec) | Rendering: 0.00000 (0%) | DB: 0.01500 (48%) | 200 OK [http://localhost/alarm?event_id=1]


Processing AlarmController#new (for 127.0.0.1 at 2008-12-28 08:53:06) [GET]
  Session ID: 3683251d210ac6c45ad8b593462b0513
  Parameters: {"action"=>"new", "controller"=>"alarm"}
  [4;36;1mAlarm Columns (0.000000)[0m   [0;1mSHOW FIELDS FROM alarms[0m
Rendering  within layouts/alarm
Rendering alarm/new
Rendered alarm/_form (0.00000)
Completed in 0.03100 (32 reqs/sec) | Rendering: 0.01600 (51%) | DB: 0.00000 (0%) | 200 OK [http://localhost/alarm/new]


Processing EventController#list (for 127.0.0.1 at 2008-12-28 08:53:15) [GET]
  Session ID: 3683251d210ac6c45ad8b593462b0513
  Parameters: {"action"=>"list", "controller"=>"event"}
  [4;35;1mEvent Columns (0.015000)[0m   [0mSHOW FIELDS FROM events[0m
  [4;36;1mSQL (0.000000)[0m   [0;1mSELECT count(*) AS count_all FROM events [0m
  [4;35;1mEvent Load (0.000000)[0m   [0mSELECT * FROM events LIMIT 0, 10[0m
Rendering  within layouts/event
Rendering event/list
Completed in 0.03100 (32 reqs/sec) | Rendering: 0.01600 (51%) | DB: 0.01500 (48%) | 200 OK [http://localhost/event/list]


Processing AlarmController#new (for 127.0.0.1 at 2008-12-28 08:53:16) [GET]
  Session ID: 3683251d210ac6c45ad8b593462b0513
  Parameters: {"event_id"=>"1", "action"=>"new", "controller"=>"alarm"}
  [4;36;1mAlarm Columns (0.000000)[0m   [0;1mSHOW FIELDS FROM alarms[0m
Rendering  within layouts/alarm
Rendering alarm/new
Rendered alarm/_form (0.00000)
Completed in 0.01500 (66 reqs/sec) | Rendering: 0.01500 (100%) | DB: 0.00000 (0%) | 200 OK [http://localhost/alarm/new?event_id=1]


Processing AlarmController#create (for 127.0.0.1 at 2008-12-28 08:53:22) [POST]
  Session ID: 3683251d210ac6c45ad8b593462b0513
  Parameters: {"commit"=>"Create", "action"=>"create", "controller"=>"alarm", "alarm"=>{"datetime"=>"test2"}}
  [4;35;1mAlarm Columns (0.016000)[0m   [0mSHOW FIELDS FROM alarms[0m
  [4;36;1mSQL (0.000000)[0m   [0;1mBEGIN[0m
  [4;35;1mSQL (0.000000)[0m   [0mMysql::Error: #23000Column 'event_id' cannot be null: INSERT INTO alarms (`event_id`, `datetime`) VALUES(NULL, 'test2')[0m
  [4;36;1mSQL (0.000000)[0m   [0;1mROLLBACK[0m


ActiveRecord::StatementInvalid (Mysql::Error: #23000Column 'event_id' cannot be null: INSERT INTO alarms (`event_id`, `datetime`) VALUES(NULL, 'test2')):
    c:/ruby/lib/ruby/gems/1.8/gems/activerecord-1.15.3/lib/active_record/connection_adapters/abstract_adapter.rb:128:in `log'
    c:/ruby/lib/ruby/gems/1.8/gems/activerecord-1.15.3/lib/active_record/connection_adapters/mysql_adapter.rb:243:in `execute'
    c:/ruby/lib/ruby/gems/1.8/gems/activerecord-1.15.3/lib/active_record/connection_adapters/mysql_adapter.rb:253:in `insert'
    c:/ruby/lib/ruby/gems/1.8/gems/activerecord-1.15.3/lib/active_record/base.rb:1811:in `create_without_callbacks'
    c:/ruby/lib/ruby/gems/1.8/gems/activerecord-1.15.3/lib/active_record/callbacks.rb:254:in `create_without_timestamps'
    c:/ruby/lib/ruby/gems/1.8/gems/activerecord-1.15.3/lib/active_record/timestamp.rb:39:in `create'
    c:/ruby/lib/ruby/gems/1.8/gems/activerecord-1.15.3/lib/active_record/base.rb:1789:in `create_or_update_without_callbacks'
    c:/ruby/lib/ruby/gems/1.8/gems/activerecord-1.15.3/lib/active_record/callbacks.rb:242:in `create_or_update'
    c:/ruby/lib/ruby/gems/1.8/gems/activerecord-1.15.3/lib/active_record/base.rb:1545:in `save_without_validation'
    c:/ruby/lib/ruby/gems/1.8/gems/activerecord-1.15.3/lib/active_record/validations.rb:752:in `save_without_transactions'
    c:/ruby/lib/ruby/gems/1.8/gems/activerecord-1.15.3/lib/active_record/transactions.rb:129:in `save'
    c:/ruby/lib/ruby/gems/1.8/gems/activerecord-1.15.3/lib/active_record/connection_adapters/abstract/database_statements.rb:59:in `transaction'
    c:/ruby/lib/ruby/gems/1.8/gems/activerecord-1.15.3/lib/active_record/transactions.rb:95:in `transaction'
    c:/ruby/lib/ruby/gems/1.8/gems/activerecord-1.15.3/lib/active_record/transactions.rb:121:in `transaction'
    c:/ruby/lib/ruby/gems/1.8/gems/activerecord-1.15.3/lib/active_record/transactions.rb:129:in `save'
    /app/controllers/alarm_controller.rb:25:in `create'
    c:/ruby/lib/ruby/gems/1.8/gems/actionpack-1.13.3/lib/action_controller/base.rb:1095:in `send'
    c:/ruby/lib/ruby/gems/1.8/gems/actionpack-1.13.3/lib/action_controller/base.rb:1095:in `perform_action_without_filters'
    c:/ruby/lib/ruby/gems/1.8/gems/actionpack-1.13.3/lib/action_controller/filters.rb:632:in `call_filter'
    c:/ruby/lib/ruby/gems/1.8/gems/actionpack-1.13.3/lib/action_controller/filters.rb:638:in `call_filter'
    c:/ruby/lib/ruby/gems/1.8/gems/actionpack-1.13.3/lib/action_controller/filters.rb:438:in `call'
    c:/ruby/lib/ruby/gems/1.8/gems/actionpack-1.13.3/lib/action_controller/filters.rb:637:in `call_filter'
    c:/ruby/lib/ruby/gems/1.8/gems/actionpack-1.13.3/lib/action_controller/filters.rb:619:in `perform_action_without_benchmark'
    c:/ruby/lib/ruby/gems/1.8/gems/actionpack-1.13.3/lib/action_controller/benchmarking.rb:66:in `perform_action_without_rescue'
    c:/ruby/lib/ruby/1.8/benchmark.rb:293:in `measure'
    c:/ruby/lib/ruby/gems/1.8/gems/actionpack-1.13.3/lib/action_controller/benchmarking.rb:66:in `perform_action_without_rescue'
    c:/ruby/lib/ruby/gems/1.8/gems/actionpack-1.13.3/lib/action_controller/rescue.rb:83:in `perform_action'
    c:/ruby/lib/ruby/gems/1.8/gems/actionpack-1.13.3/lib/action_controller/base.rb:430:in `send'
    c:/ruby/lib/ruby/gems/1.8/gems/actionpack-1.13.3/lib/action_controller/base.rb:430:in `process_without_filters'
    c:/ruby/lib/ruby/gems/1.8/gems/actionpack-1.13.3/lib/action_controller/filters.rb:624:in `process_without_session_management_support'
    c:/ruby/lib/ruby/gems/1.8/gems/actionpack-1.13.3/lib/action_controller/session_management.rb:114:in `process'
    c:/ruby/lib/ruby/gems/1.8/gems/actionpack-1.13.3/lib/action_controller/base.rb:330:in `process'
    c:/ruby/lib/ruby/gems/1.8/gems/rails-1.2.3/lib/dispatcher.rb:41:in `dispatch'
    c:/ruby/lib/ruby/gems/1.8/gems/rails-1.2.3/lib/webrick_server.rb:113:in `handle_dispatch'
    c:/ruby/lib/ruby/gems/1.8/gems/rails-1.2.3/lib/webrick_server.rb:79:in `service'
    c:/ruby/lib/ruby/1.8/webrick/httpserver.rb:104:in `service'
    c:/ruby/lib/ruby/1.8/webrick/httpserver.rb:65:in `run'
    c:/ruby/lib/ruby/1.8/webrick/server.rb:173:in `start_thread'
    c:/ruby/lib/ruby/1.8/webrick/server.rb:162:in `start'
    c:/ruby/lib/ruby/1.8/webrick/server.rb:162:in `start_thread'
    c:/ruby/lib/ruby/1.8/webrick/server.rb:95:in `start'
    c:/ruby/lib/ruby/1.8/webrick/server.rb:92:in `each'
    c:/ruby/lib/ruby/1.8/webrick/server.rb:92:in `start'
    c:/ruby/lib/ruby/1.8/webrick/server.rb:23:in `start'
    c:/ruby/lib/ruby/1.8/webrick/server.rb:82:in `start'
    c:/ruby/lib/ruby/gems/1.8/gems/rails-1.2.3/lib/webrick_server.rb:63:in `dispatch'
    c:/ruby/lib/ruby/gems/1.8/gems/rails-1.2.3/lib/commands/servers/webrick.rb:59
    c:/ruby/lib/ruby/site_ruby/1.8/rubygems/custom_require.rb:27:in `gem_original_require'
    c:/ruby/lib/ruby/site_ruby/1.8/rubygems/custom_require.rb:27:in `require'
    c:/ruby/lib/ruby/gems/1.8/gems/activesupport-1.4.2/lib/active_support/dependencies.rb:495:in `require'
    c:/ruby/lib/ruby/gems/1.8/gems/activesupport-1.4.2/lib/active_support/dependencies.rb:342:in `new_constants_in'
    c:/ruby/lib/ruby/gems/1.8/gems/activesupport-1.4.2/lib/active_support/dependencies.rb:495:in `require'
    c:/ruby/lib/ruby/gems/1.8/gems/rails-1.2.3/lib/commands/server.rb:39
    c:/ruby/lib/ruby/site_ruby/1.8/rubygems/custom_require.rb:27:in `gem_original_require'
    c:/ruby/lib/ruby/site_ruby/1.8/rubygems/custom_require.rb:27:in `require'
    script/server:3


Rendering c:/ruby/lib/ruby/gems/1.8/gems/actionpack-1.13.3/lib/action_controller/templates/rescues/layout.rhtml (500 Internal Error)


Processing AlarmController#new (for 127.0.0.1 at 2008-12-28 08:55:54) [GET]
  Session ID: 3683251d210ac6c45ad8b593462b0513
  Parameters: {"event_id"=>"1", "action"=>"new", "controller"=>"alarm"}
  [4;35;1mAlarm Columns (0.000000)[0m   [0mSHOW FIELDS FROM alarms[0m
Rendering  within layouts/alarm
Rendering alarm/new
Rendered alarm/_form (0.00000)
Completed in 0.03100 (32 reqs/sec) | Rendering: 0.01600 (51%) | DB: 0.01600 (51%) | 200 OK [http://localhost/alarm/new?event_id=1]


Processing AlarmController#new (for 127.0.0.1 at 2008-12-28 08:56:02) [GET]
  Session ID: 3683251d210ac6c45ad8b593462b0513
  Parameters: {"event_id"=>"1", "action"=>"new", "controller"=>"alarm"}
  [4;36;1mAlarm Columns (0.000000)[0m   [0;1mSHOW FIELDS FROM alarms[0m
Rendering  within layouts/alarm
Rendering alarm/new
Rendered alarm/_form (0.00000)
Completed in 0.03100 (32 reqs/sec) | Rendering: 0.01500 (48%) | DB: 0.00000 (0%) | 200 OK [http://localhost/alarm/new?event_id=1]


Processing AlarmController#create (for 127.0.0.1 at 2008-12-28 08:56:07) [POST]
  Session ID: 3683251d210ac6c45ad8b593462b0513
  Parameters: {"commit"=>"Create", "action"=>"create", "controller"=>"alarm", "alarm"=>{"event_id"=>"1", "datetime"=>"test2"}}
  [4;35;1mAlarm Columns (0.000000)[0m   [0mSHOW FIELDS FROM alarms[0m
  [4;36;1mSQL (0.000000)[0m   [0;1mBEGIN[0m
  [4;35;1mSQL (0.000000)[0m   [0mINSERT INTO alarms (`event_id`, `datetime`) VALUES(1, 'test2')[0m
  [4;36;1mSQL (0.000000)[0m   [0;1mCOMMIT[0m
Redirected to http://localhost:3000/alarm/list
Completed in 0.01600 (62 reqs/sec) | DB: 0.00000 (0%) | 302 Found [http://localhost/alarm/create]


Processing AlarmController#list (for 127.0.0.1 at 2008-12-28 08:56:07) [GET]
  Session ID: 3683251d210ac6c45ad8b593462b0513
  Parameters: {"action"=>"list", "controller"=>"alarm"}
  [4;35;1mAlarm Columns (0.016000)[0m   [0mSHOW FIELDS FROM alarms[0m
  [4;36;1mSQL (0.000000)[0m   [0;1mSELECT count(*) AS count_all FROM alarms [0m
  [4;35;1mAlarm Load (0.000000)[0m   [0mSELECT * FROM alarms LIMIT 0, 10[0m
Rendering  within layouts/alarm
Rendering alarm/list
Completed in 0.01600 (62 reqs/sec) | Rendering: 0.00000 (0%) | DB: 0.01600 (100%) | 200 OK [http://localhost/alarm/list]


Processing ApplicationController#index (for 127.0.0.1 at 2008-12-28 08:56:24) [GET]
  Session ID: 3683251d210ac6c45ad8b593462b0513
  Parameters: {}


ActionController::RoutingError (no route found to match "/events" with {:method=>:get}):
    c:/ruby/lib/ruby/gems/1.8/gems/actionpack-1.13.3/lib/action_controller/routing.rb:1292:in `recognize_path'
    c:/ruby/lib/ruby/gems/1.8/gems/actionpack-1.13.3/lib/action_controller/routing.rb:1282:in `recognize'
    c:/ruby/lib/ruby/gems/1.8/gems/rails-1.2.3/lib/dispatcher.rb:40:in `dispatch'
    c:/ruby/lib/ruby/gems/1.8/gems/rails-1.2.3/lib/webrick_server.rb:113:in `handle_dispatch'
    c:/ruby/lib/ruby/gems/1.8/gems/rails-1.2.3/lib/webrick_server.rb:79:in `service'
    c:/ruby/lib/ruby/1.8/webrick/httpserver.rb:104:in `service'
    c:/ruby/lib/ruby/1.8/webrick/httpserver.rb:65:in `run'
    c:/ruby/lib/ruby/1.8/webrick/server.rb:173:in `start_thread'
    c:/ruby/lib/ruby/1.8/webrick/server.rb:162:in `start'
    c:/ruby/lib/ruby/1.8/webrick/server.rb:162:in `start_thread'
    c:/ruby/lib/ruby/1.8/webrick/server.rb:95:in `start'
    c:/ruby/lib/ruby/1.8/webrick/server.rb:92:in `each'
    c:/ruby/lib/ruby/1.8/webrick/server.rb:92:in `start'
    c:/ruby/lib/ruby/1.8/webrick/server.rb:23:in `start'
    c:/ruby/lib/ruby/1.8/webrick/server.rb:82:in `start'
    c:/ruby/lib/ruby/gems/1.8/gems/rails-1.2.3/lib/webrick_server.rb:63:in `dispatch'
    c:/ruby/lib/ruby/gems/1.8/gems/rails-1.2.3/lib/commands/servers/webrick.rb:59
    c:/ruby/lib/ruby/site_ruby/1.8/rubygems/custom_require.rb:27:in `gem_original_require'
    c:/ruby/lib/ruby/site_ruby/1.8/rubygems/custom_require.rb:27:in `require'
    c:/ruby/lib/ruby/gems/1.8/gems/activesupport-1.4.2/lib/active_support/dependencies.rb:495:in `require'
    c:/ruby/lib/ruby/gems/1.8/gems/activesupport-1.4.2/lib/active_support/dependencies.rb:342:in `new_constants_in'
    c:/ruby/lib/ruby/gems/1.8/gems/activesupport-1.4.2/lib/active_support/dependencies.rb:495:in `require'
    c:/ruby/lib/ruby/gems/1.8/gems/rails-1.2.3/lib/commands/server.rb:39
    c:/ruby/lib/ruby/site_ruby/1.8/rubygems/custom_require.rb:27:in `gem_original_require'
    c:/ruby/lib/ruby/site_ruby/1.8/rubygems/custom_require.rb:27:in `require'
    script/server:3


Rendering c:/ruby/lib/ruby/gems/1.8/gems/actionpack-1.13.3/lib/action_controller/templates/rescues/layout.rhtml (404 Page Not Found)


Processing EventController#index (for 127.0.0.1 at 2008-12-28 08:56:27) [GET]
  Session ID: 3683251d210ac6c45ad8b593462b0513
  Parameters: {"action"=>"index", "controller"=>"event"}
  [4;36;1mEvent Columns (0.000000)[0m   [0;1mSHOW FIELDS FROM events[0m
  [4;35;1mSQL (0.000000)[0m   [0mSELECT count(*) AS count_all FROM events [0m
  [4;36;1mEvent Load (0.000000)[0m   [0;1mSELECT * FROM events LIMIT 0, 10[0m
Rendering actionlistlayoutfalse within layouts/event
Rendering event/list
Completed in 0.17200 (5 reqs/sec) | Rendering: 0.12500 (72%) | DB: 0.00000 (0%) | 200 OK [http://localhost/event]


Processing EventController#index (for 127.0.0.1 at 2008-12-28 08:57:42) [GET]
  Session ID: 3683251d210ac6c45ad8b593462b0513
  Parameters: {"action"=>"index", "controller"=>"event"}
  [4;35;1mEvent Columns (0.015000)[0m   [0mSHOW FIELDS FROM events[0m
  [4;36;1mSQL (0.000000)[0m   [0;1mSELECT count(*) AS count_all FROM events [0m
  [4;35;1mEvent Load (0.000000)[0m   [0mSELECT * FROM events LIMIT 0, 10[0m
Rendering actionlistlayoutfalse within layouts/event
Rendering event/list
  [4;36;1mAlarm Load (0.000000)[0m   [0;1mSELECT * FROM alarms WHERE (event_id=1) ORDER BY id[0m
  [4;35;1mAlarm Columns (0.000000)[0m   [0mSHOW FIELDS FROM alarms[0m
Completed in 0.06300 (15 reqs/sec) | Rendering: 0.03200 (50%) | DB: 0.01500 (23%) | 200 OK [http://localhost/event]


Processing AlarmController#edit (for 127.0.0.1 at 2008-12-28 08:57:44) [GET]
  Session ID: 3683251d210ac6c45ad8b593462b0513
  Parameters: {"action"=>"edit", "id"=>"1", "controller"=>"alarm"}
  [4;36;1mAlarm Columns (0.000000)[0m   [0;1mSHOW FIELDS FROM alarms[0m
  [4;35;1mAlarm Load (0.000000)[0m   [0mSELECT * FROM alarms WHERE (alarms.`id` = 1) [0m
Rendering  within layouts/alarm
Rendering alarm/edit
Rendered alarm/_form (0.00000)
Completed in 0.03100 (32 reqs/sec) | Rendering: 0.01500 (48%) | DB: 0.00000 (0%) | 200 OK [http://localhost/alarm/edit/1]


Processing AlarmController#new (for 127.0.0.1 at 2008-12-28 08:57:47) [GET]
  Session ID: 3683251d210ac6c45ad8b593462b0513
  Parameters: {"event_id"=>"1", "action"=>"new", "controller"=>"alarm"}
  [4;36;1mAlarm Columns (0.015000)[0m   [0;1mSHOW FIELDS FROM alarms[0m
Rendering  within layouts/alarm
Rendering alarm/new
Rendered alarm/_form (0.00000)
Completed in 0.01500 (66 reqs/sec) | Rendering: 0.00000 (0%) | DB: 0.01500 (100%) | 200 OK [http://localhost/alarm/new?event_id=1]


Processing EventController#index (for 127.0.0.1 at 2008-12-28 08:57:54) [GET]
  Session ID: 3683251d210ac6c45ad8b593462b0513
  Parameters: {"action"=>"index", "controller"=>"event"}
  [4;35;1mEvent Columns (0.000000)[0m   [0mSHOW FIELDS FROM events[0m
  [4;36;1mSQL (0.000000)[0m   [0;1mSELECT count(*) AS count_all FROM events [0m
  [4;35;1mEvent Load (0.000000)[0m   [0mSELECT * FROM events LIMIT 0, 10[0m
Rendering actionlistlayoutfalse within layouts/event
Rendering event/list
  [4;36;1mAlarm Load (0.000000)[0m   [0;1mSELECT * FROM alarms WHERE (event_id=1) ORDER BY id[0m
  [4;35;1mAlarm Columns (0.000000)[0m   [0mSHOW FIELDS FROM alarms[0m
Completed in 0.04700 (21 reqs/sec) | Rendering: 0.03100 (65%) | DB: 0.00000 (0%) | 200 OK [http://localhost/event]


Processing AlarmController#edit (for 127.0.0.1 at 2008-12-28 08:57:55) [GET]
  Session ID: 3683251d210ac6c45ad8b593462b0513
  Parameters: {"event_id"=>"1", "action"=>"edit", "id"=>"1", "controller"=>"alarm"}
  [4;36;1mAlarm Columns (0.016000)[0m   [0;1mSHOW FIELDS FROM alarms[0m
  [4;35;1mAlarm Load (0.000000)[0m   [0mSELECT * FROM alarms WHERE (alarms.`id` = 1) [0m
Rendering  within layouts/alarm
Rendering alarm/edit
Rendered alarm/_form (0.00000)
Completed in 0.14100 (7 reqs/sec) | Rendering: 0.00000 (0%) | DB: 0.01600 (11%) | 200 OK [http://localhost/alarm/edit/1?event_id=1]


Processing AlarmController#edit (for 127.0.0.1 at 2008-12-28 08:57:57) [GET]
  Session ID: 3683251d210ac6c45ad8b593462b0513
  Parameters: {"event_id"=>"1", "action"=>"edit", "id"=>"1", "controller"=>"alarm"}
  [4;36;1mAlarm Columns (0.000000)[0m   [0;1mSHOW FIELDS FROM alarms[0m
  [4;35;1mAlarm Load (0.000000)[0m   [0mSELECT * FROM alarms WHERE (alarms.`id` = 1) [0m
Rendering  within layouts/alarm
Rendering alarm/edit
Rendered alarm/_form (0.00000)
Completed in 0.03200 (31 reqs/sec) | Rendering: 0.01600 (50%) | DB: 0.00000 (0%) | 200 OK [http://localhost/alarm/edit/1?event_id=1]


Processing AlarmController#update (for 127.0.0.1 at 2008-12-28 08:57:59) [POST]
  Session ID: 3683251d210ac6c45ad8b593462b0513
  Parameters: {"commit"=>"Edit", "action"=>"update", "id"=>"1", "controller"=>"alarm", "alarm"=>{"event_id"=>"1", "datetime"=>"test23"}}
  [4;36;1mAlarm Columns (0.000000)[0m   [0;1mSHOW FIELDS FROM alarms[0m
  [4;35;1mAlarm Load (0.000000)[0m   [0mSELECT * FROM alarms WHERE (alarms.`id` = 1) [0m
  [4;36;1mSQL (0.000000)[0m   [0;1mBEGIN[0m
  [4;35;1mAlarm Update (0.000000)[0m   [0mUPDATE alarms SET `event_id` = 1, `datetime` = 'test23' WHERE `id` = 1[0m
  [4;36;1mSQL (0.000000)[0m   [0;1mCOMMIT[0m
Redirected to http://localhost:3000/alarm/show/1
Completed in 0.01600 (62 reqs/sec) | DB: 0.00000 (0%) | 302 Found [http://localhost/alarm/update/1]


Processing AlarmController#show (for 127.0.0.1 at 2008-12-28 08:57:59) [GET]
  Session ID: 3683251d210ac6c45ad8b593462b0513
  Parameters: {"action"=>"show", "id"=>"1", "controller"=>"alarm"}
  [4;35;1mAlarm Columns (0.000000)[0m   [0mSHOW FIELDS FROM alarms[0m
  [4;36;1mAlarm Load (0.000000)[0m   [0;1mSELECT * FROM alarms WHERE (alarms.`id` = 1) [0m
Rendering  within layouts/alarm
Rendering alarm/show
Completed in 0.01500 (66 reqs/sec) | Rendering: 0.00000 (0%) | DB: 0.00000 (0%) | 200 OK [http://localhost/alarm/show/1]


Processing EventController#index (for 127.0.0.1 at 2008-12-28 08:58:01) [GET]
  Session ID: 3683251d210ac6c45ad8b593462b0513
  Parameters: {"action"=>"index", "controller"=>"event"}
  [4;35;1mEvent Columns (0.000000)[0m   [0mSHOW FIELDS FROM events[0m
  [4;36;1mSQL (0.000000)[0m   [0;1mSELECT count(*) AS count_all FROM events [0m
  [4;35;1mEvent Load (0.016000)[0m   [0mSELECT * FROM events LIMIT 0, 10[0m
Rendering actionlistlayoutfalse within layouts/event
Rendering event/list
  [4;36;1mAlarm Load (0.000000)[0m   [0;1mSELECT * FROM alarms WHERE (event_id=1) ORDER BY id[0m
  [4;35;1mAlarm Columns (0.000000)[0m   [0mSHOW FIELDS FROM alarms[0m
Completed in 0.04700 (21 reqs/sec) | Rendering: 0.01500 (31%) | DB: 0.01600 (34%) | 200 OK [http://localhost/event]
